<?xml version="1.0" encoding="UTF-8"?>
<testsuite xmlns:xsi="http://www.w3.org/2001/XMLSchema-instance" xsi:noNamespaceSchemaLocation="https://maven.apache.org/surefire/maven-surefire-plugin/xsd/surefire-test-report-3.0.xsd" version="3.0" name="TestSuite" time="318.625" tests="20" errors="0" skipped="0" failures="0">
  <properties>
[...]
</properties>
  <testcase name="runScenario[&quot;Login Functionality&quot;, &quot;Demo Shopping App testing&quot;](1)" classname="TestRunner.ShopRunner" time="9.758">
    <system-out><![CDATA[
@login
Scenario Outline: Login Functionality        &amp#27;[90m# src/test/resources/Features/DemoShop.feature:15&amp#27;[0m

@login
Scenario Outline: Login Functionality        &amp#27;[90m# src/test/resources/Features/DemoShop.feature:15&amp#27;[0m
  &amp#27;[32mGiven &amp#27;[0m&amp#27;[32muser launch Demo Shop Home Page&amp#27;[0m      &amp#27;[90m# StepDefinition.ShopSteps.user_launch_demo_shop_home_page()&amp#27;[0m
  &amp#27;[32mWhen &amp#27;[0m&amp#27;[32muser enters Email&amp#27;[0m&amp#27;[32m&amp#27;[1mtrips.siya@gmail.com&amp#27;[0m &amp#27;[90m# StepDefinition.ShopSteps.user_enters_emailtrips_siya_gmail_com(java.lang.String)&amp#27;[0m
  &amp#27;[32mAnd &amp#27;[0m&amp#27;[32muser enters Password&amp#27;[0m&amp#27;[32m&amp#27;[1mDemo2siya&amp#27;[0m          &amp#27;[90m# StepDefinition.ShopSteps.user_enters_password_demo2siya(java.lang.String)&amp#27;[0m
  &amp#27;[32mGiven &amp#27;[0m&amp#27;[32muser launch Demo Shop Home Page&amp#27;[0m      &amp#27;[90m# StepDefinition.ShopSteps.user_launch_demo_shop_home_page()&amp#27;[0m
  &amp#27;[32mWhen &amp#27;[0m&amp#27;[32muser enters Email&amp#27;[0m&amp#27;[32m&amp#27;[1mtrips.siya@gmail.com&amp#27;[0m &amp#27;[90m# StepDefinition.ShopSteps.user_enters_emailtrips_siya_gmail_com(java.lang.String)&amp#27;[0m
  &amp#27;[32mAnd &amp#27;[0m&amp#27;[32muser enters Password&amp#27;[0m&amp#27;[32m&amp#27;[1mDemo2siya&amp#27;[0m          &amp#27;[90m# StepDefinition.ShopSteps.user_enters_password_demo2siya(java.lang.String)&amp#27;[0m
  &amp#27;[32mAnd &amp#27;[0m&amp#27;[32muser clicks on Login button&amp#27;[0m            &amp#27;[90m# StepDefinition.ShopSteps.user_clicks_on_login_button()&amp#27;[0m
  &amp#27;[32mAnd &amp#27;[0m&amp#27;[32muser clicks on Login button&amp#27;[0m            &amp#27;[90m# StepDefinition.ShopSteps.user_clicks_on_login_button()&amp#27;[0m
  &amp#27;[32mThen &amp#27;[0m&amp#27;[32mvalidate log in&amp#27;[0m                       &amp#27;[90m# StepDefinition.ShopSteps.validate_log_in()&amp#27;[0m
]]></system-out>
    <system-err><![CDATA[SLF4J(W): No SLF4J providers were found.
SLF4J(W): Defaulting to no-operation (NOP) logger implementation
SLF4J(W): See https://www.slf4j.org/codes.html#noProviders for further details.
Mar 26, 2025 11:59:02 AM org.openqa.selenium.devtools.CdpVersionFinder findNearestMatch
WARNING: Unable to find an exact match for CDP version 134, returning the closest version; found: 133; Please update to a Selenium version that supports CDP version 134
Mar 26, 2025 11:59:04 AM org.openqa.selenium.devtools.CdpVersionFinder findNearestMatch
WARNING: Unable to find an exact match for CDP version 134, returning the closest version; found: 133; Please update to a Selenium version that supports CDP version 134
]]></system-err>
  </testcase>
  <testcase name="runScenario[&quot;Login Functionality&quot;, &quot;Demo Shopping App testing&quot;](1)" classname="TestRunner.ShopRunner" time="1.084">
    <system-out><![CDATA[
@login
Scenario Outline: Login Functionality       &amp#27;[90m# src/test/resources/Features/DemoShop.feature:16&amp#27;[0m
  &amp#27;[32mThen &amp#27;[0m&amp#27;[32mvalidate log in&amp#27;[0m                       &amp#27;[90m# StepDefinition.ShopSteps.validate_log_in()&amp#27;[0m
]]></system-out>
    <system-err><![CDATA[Mar 26, 2025 11:59:09 AM org.openqa.selenium.devtools.CdpVersionFinder findNearestMatch
WARNING: Unable to find an exact match for CDP version 134, returning the closest version; found: 133; Please update to a Selenium version that supports CDP version 134
]]></system-err>
  </testcase>
  <testcase name="runScenario[&quot;Login Functionality&quot;, &quot;Demo Shopping App testing&quot;](2)" classname="TestRunner.ShopRunner" time="4.915">
    <system-out><![CDATA[
@login
Scenario Outline: Login Functionality       &amp#27;[90m# src/test/resources/Features/DemoShop.feature:16&amp#27;[0m
  &amp#27;[32mGiven &amp#27;[0m&amp#27;[32muser launch Demo Shop Home Page&amp#27;[0m     &amp#27;[90m# StepDefinition.ShopSteps.user_launch_demo_shop_home_page()&amp#27;[0m
  &amp#27;[32mWhen &amp#27;[0m&amp#27;[32muser enters Email&amp#27;[0m&amp#27;[32m&amp#27;[1minvalid@invalid.com&amp#27;[0m &amp#27;[90m# StepDefinition.ShopSteps.user_enters_emailtrips_siya_gmail_com(java.lang.String)&amp#27;[0m
  &amp#27;[32mAnd &amp#27;[0m&amp#27;[32muser enters Password&amp#27;[0m&amp#27;[32m&amp#27;[1minvalid&amp#27;[0m           &amp#27;[90m# StepDefinition.ShopSteps.user_enters_password_demo2siya(java.lang.String)&amp#27;[0m
  &amp#27;[32mAnd &amp#27;[0m&amp#27;[32muser clicks on Login button&amp#27;[0m           &amp#27;[90m# StepDefinition.ShopSteps.user_clicks_on_login_button()&amp#27;[0m
  &amp#27;[32mThen &amp#27;[0m&amp#27;[32mvalidate log in&amp#27;[0m                      &amp#27;[90m# StepDefinition.ShopSteps.validate_log_in()&amp#27;[0m
]]></system-out>
    <system-err><![CDATA[Mar 26, 2025 11:59:13 AM org.openqa.selenium.devtools.CdpVersionFinder findNearestMatch
WARNING: Unable to find an exact match for CDP version 134, returning the closest version; found: 133; Please update to a Selenium version that supports CDP version 134
]]></system-err>
  </testcase>
  <testcase name="runScenario[&quot;Login Functionality&quot;, &quot;Demo Shopping App testing&quot;](2)" classname="TestRunner.ShopRunner" time="5.17">
    <system-out><![CDATA[
@registration
Scenario Outline: Registration functionality  &amp#27;[90m# src/test/resources/Features/DemoShop.feature:30&amp#27;[0m
  &amp#27;[32mGiven &amp#27;[0m&amp#27;[32muser launch Demo Shop Home Page&amp#27;[0m     &amp#27;[90m# StepDefinition.ShopSteps.user_launch_demo_shop_home_page()&amp#27;[0m
  &amp#27;[32mWhen &amp#27;[0m&amp#27;[32muser enters Email&amp#27;[0m&amp#27;[32m&amp#27;[1minvalid@invalid.com&amp#27;[0m &amp#27;[90m# StepDefinition.ShopSteps.user_enters_emailtrips_siya_gmail_com(java.lang.String)&amp#27;[0m
  &amp#27;[32mAnd &amp#27;[0m&amp#27;[32muser enters Password&amp#27;[0m&amp#27;[32m&amp#27;[1minvalid&amp#27;[0m           &amp#27;[90m# StepDefinition.ShopSteps.user_enters_password_demo2siya(java.lang.String)&amp#27;[0m
  &amp#27;[32mAnd &amp#27;[0m&amp#27;[32muser clicks on Login button&amp#27;[0m           &amp#27;[90m# StepDefinition.ShopSteps.user_clicks_on_login_button()&amp#27;[0m
  &amp#27;[32mGiven &amp#27;[0m&amp#27;[32muser launch Demo Shop Home Page&amp#27;[0m       &amp#27;[90m# StepDefinition.ShopSteps.user_launch_demo_shop_home_page()&amp#27;[0m
  &amp#27;[32mWhen &amp#27;[0m&amp#27;[32muser enters First Name&amp#27;[0m&amp#27;[32m&amp#27;[1mWipro4&amp#27;[0m           &amp#27;[90m# StepDefinition.ShopSteps.user_enters_first_name_wipro(java.lang.String)&amp#27;[0m
  &amp#27;[32mAnd &amp#27;[0m&amp#27;[32muser enters Last Name&amp#27;[0m&amp#27;[32m&amp#27;[1mTesting4&amp#27;[0m           &amp#27;[90m# StepDefinition.ShopSteps.user_enters_last_name_testing(java.lang.String)&amp#27;[0m
  &amp#27;[32mAnd &amp#27;[0m&amp#27;[32muser enters the Email&amp#27;[0m&amp#27;[32m&amp#27;[1mwipro4@testing.com&amp#27;[0m &amp#27;[90m# StepDefinition.ShopSteps.user_enters_the_email_email(java.lang.String)&amp#27;[0m
  &amp#27;[32mAnd &amp#27;[0m&amp#27;[32muser enters the Password&amp#27;[0m&amp#27;[32m&amp#27;[1mtesting4&amp#27;[0m        &amp#27;[90m# StepDefinition.ShopSteps.user_enters_the_password_password(java.lang.String)&amp#27;[0m
  &amp#27;[32mThen &amp#27;[0m&amp#27;[32mvalidate log in&amp#27;[0m                      &amp#27;[90m# StepDefinition.ShopSteps.validate_log_in()&amp#27;[0m
]]></system-out>
    <system-err><![CDATA[Mar 26, 2025 11:59:16 AM org.openqa.selenium.devtools.CdpVersionFinder findNearestMatch
WARNING: Unable to find an exact match for CDP version 134, returning the closest version; found: 133; Please update to a Selenium version that supports CDP version 134
]]></system-err>
  </testcase>
  <testcase name="runScenario[&quot;Registration functionality&quot;, &quot;Demo Shopping App testing&quot;](3)" classname="TestRunner.ShopRunner" time="51.316">
    <system-out><![CDATA[
@registration
Scenario Outline: Registration functionality  &amp#27;[90m# src/test/resources/Features/DemoShop.feature:30&amp#27;[0m
  &amp#27;[32mAnd &amp#27;[0m&amp#27;[32muser confirms password&amp#27;[0m&amp#27;[32m&amp#27;[1mtesting4&amp#27;[0m          &amp#27;[90m# StepDefinition.ShopSteps.user_confirms_password_testing2wip(java.lang.String)&amp#27;[0m
  &amp#27;[32mAnd &amp#27;[0m&amp#27;[32muser clicks on registration button&amp#27;[0m      &amp#27;[90m# StepDefinition.ShopSteps.user_clicks_on_registration_button()&amp#27;[0m
  &amp#27;[32mGiven &amp#27;[0m&amp#27;[32muser launch Demo Shop Home Page&amp#27;[0m       &amp#27;[90m# StepDefinition.ShopSteps.user_launch_demo_shop_home_page()&amp#27;[0m
  &amp#27;[32mWhen &amp#27;[0m&amp#27;[32muser enters First Name&amp#27;[0m&amp#27;[32m&amp#27;[1mWipro4&amp#27;[0m           &amp#27;[90m# StepDefinition.ShopSteps.user_enters_first_name_wipro(java.lang.String)&amp#27;[0m
  &amp#27;[32mAnd &amp#27;[0m&amp#27;[32muser enters Last Name&amp#27;[0m&amp#27;[32m&amp#27;[1mTesting4&amp#27;[0m           &amp#27;[90m# StepDefinition.ShopSteps.user_enters_last_name_testing(java.lang.String)&amp#27;[0m
  &amp#27;[32mAnd &amp#27;[0m&amp#27;[32muser enters the Email&amp#27;[0m&amp#27;[32m&amp#27;[1mwipro4@testing.com&amp#27;[0m &amp#27;[90m# StepDefinition.ShopSteps.user_enters_the_email_email(java.lang.String)&amp#27;[0m
  &amp#27;[32mAnd &amp#27;[0m&amp#27;[32muser enters the Password&amp#27;[0m&amp#27;[32m&amp#27;[1mtesting4&amp#27;[0m        &amp#27;[90m# StepDefinition.ShopSteps.user_enters_the_password_password(java.lang.String)&amp#27;[0m
  &amp#27;[32mAnd &amp#27;[0m&amp#27;[32muser confirms password&amp#27;[0m&amp#27;[32m&amp#27;[1mtesting4&amp#27;[0m          &amp#27;[90m# StepDefinition.ShopSteps.user_confirms_password_testing2wip(java.lang.String)&amp#27;[0m
  &amp#27;[32mAnd &amp#27;[0m&amp#27;[32muser clicks on registration button&amp#27;[0m      &amp#27;[90m# StepDefinition.ShopSteps.user_clicks_on_registration_button()&amp#27;[0m
  &amp#27;[32mThen &amp#27;[0m&amp#27;[32mvalidate successful registration&amp#27;[0m       &amp#27;[90m# StepDefinition.ShopSteps.validate_successful_registration()&amp#27;[0m
]]></system-out>
    <system-err><![CDATA[Mar 26, 2025 11:59:22 AM org.openqa.selenium.devtools.CdpVersionFinder findNearestMatch
WARNING: Unable to find an exact match for CDP version 134, returning the closest version; found: 133; Please update to a Selenium version that supports CDP version 134
]]></system-err>
  </testcase>
  <testcase name="runScenario[&quot;Registration functionality&quot;, &quot;Demo Shopping App testing&quot;](3)" classname="TestRunner.ShopRunner" time="7.449">
    <system-out><![CDATA[
@registration
Scenario Outline: Registration functionality &amp#27;[90m# src/test/resources/Features/DemoShop.feature:31&amp#27;[0m
  &amp#27;[32mGiven &amp#27;[0m&amp#27;[32muser launch Demo Shop Home Page&amp#27;[0m      &amp#27;[90m# StepDefinition.ShopSteps.user_launch_demo_shop_home_page()&amp#27;[0m
  &amp#27;[32mWhen &amp#27;[0m&amp#27;[32muser enters First Name&amp#27;[0m&amp#27;[32m&amp#27;[1mJava&amp#27;[0m            &amp#27;[90m# StepDefinition.ShopSteps.user_enters_first_name_wipro(java.lang.String)&amp#27;[0m
  &amp#27;[32mAnd &amp#27;[0m&amp#27;[32muser enters Last Name&amp#27;[0m&amp#27;[32m&amp#27;[1mbatch&amp#27;[0m             &amp#27;[90m# StepDefinition.ShopSteps.user_enters_last_name_testing(java.lang.String)&amp#27;[0m
  &amp#27;[32mAnd &amp#27;[0m&amp#27;[32muser enters the Email&amp#27;[0m&amp#27;[32m&amp#27;[1m&amp#27;[0m                  &amp#27;[90m# StepDefinition.ShopSteps.user_enters_the_email_email(java.lang.String)&amp#27;[0m
  &amp#27;[32mAnd &amp#27;[0m&amp#27;[32muser enters the Password&amp#27;[0m&amp#27;[32m&amp#27;[1mjavaworld&amp#27;[0m      &amp#27;[90m# StepDefinition.ShopSteps.user_enters_the_password_password(java.lang.String)&amp#27;[0m
  &amp#27;[32mAnd &amp#27;[0m&amp#27;[32muser confirms password&amp#27;[0m&amp#27;[32m&amp#27;[1mjavaworld&amp#27;[0m        &amp#27;[90m# StepDefinition.ShopSteps.user_confirms_password_testing2wip(java.lang.String)&amp#27;[0m
  &amp#27;[32mAnd &amp#27;[0m&amp#27;[32muser clicks on registration button&amp#27;[0m     &amp#27;[90m# StepDefinition.ShopSteps.user_clicks_on_registration_button()&amp#27;[0m
  &amp#27;[32mThen &amp#27;[0m&amp#27;[32mvalidate successful registration&amp#27;[0m       &amp#27;[90m# StepDefinition.ShopSteps.validate_successful_registration()&amp#27;[0m
]]></system-out>
    <system-err><![CDATA[Mar 26, 2025 12:00:12 PM org.openqa.selenium.devtools.CdpVersionFinder findNearestMatch
WARNING: Unable to find an exact match for CDP version 134, returning the closest version; found: 133; Please update to a Selenium version that supports CDP version 134
]]></system-err>
  </testcase>
  <testcase name="runScenario[&quot;Registration functionality&quot;, &quot;Demo Shopping App testing&quot;](4)" classname="TestRunner.ShopRunner" time="22.954">
    <system-out><![CDATA[
@registration
Scenario Outline: Registration functionality &amp#27;[90m# src/test/resources/Features/DemoShop.feature:31&amp#27;[0m
  &amp#27;[32mGiven &amp#27;[0m&amp#27;[32muser launch Demo Shop Home Page&amp#27;[0m      &amp#27;[90m# StepDefinition.ShopSteps.user_launch_demo_shop_home_page()&amp#27;[0m
  &amp#27;[32mWhen &amp#27;[0m&amp#27;[32muser enters First Name&amp#27;[0m&amp#27;[32m&amp#27;[1mJava&amp#27;[0m            &amp#27;[90m# StepDefinition.ShopSteps.user_enters_first_name_wipro(java.lang.String)&amp#27;[0m
  &amp#27;[32mAnd &amp#27;[0m&amp#27;[32muser enters Last Name&amp#27;[0m&amp#27;[32m&amp#27;[1mbatch&amp#27;[0m             &amp#27;[90m# StepDefinition.ShopSteps.user_enters_last_name_testing(java.lang.String)&amp#27;[0m
  &amp#27;[32mAnd &amp#27;[0m&amp#27;[32muser enters the Email&amp#27;[0m&amp#27;[32m&amp#27;[1m&amp#27;[0m                  &amp#27;[90m# StepDefinition.ShopSteps.user_enters_the_email_email(java.lang.String)&amp#27;[0m
  &amp#27;[32mAnd &amp#27;[0m&amp#27;[32muser enters the Password&amp#27;[0m&amp#27;[32m&amp#27;[1mjavaworld&amp#27;[0m      &amp#27;[90m# StepDefinition.ShopSteps.user_enters_the_password_password(java.lang.String)&amp#27;[0m
  &amp#27;[32mAnd &amp#27;[0m&amp#27;[32muser confirms password&amp#27;[0m&amp#27;[32m&amp#27;[1mjavaworld&amp#27;[0m        &amp#27;[90m# StepDefinition.ShopSteps.user_confirms_password_testing2wip(java.lang.String)&amp#27;[0m
  &amp#27;[32mAnd &amp#27;[0m&amp#27;[32muser clicks on registration button&amp#27;[0m     &amp#27;[90m# StepDefinition.ShopSteps.user_clicks_on_registration_button()&amp#27;[0m
  &amp#27;[32mThen &amp#27;[0m&amp#27;[32mvalidate successful registration&amp#27;[0m      &amp#27;[90m# StepDefinition.ShopSteps.validate_successful_registration()&amp#27;[0m
]]></system-out>
    <system-err><![CDATA[Mar 26, 2025 12:00:22 PM org.openqa.selenium.devtools.CdpVersionFinder findNearestMatch
WARNING: Unable to find an exact match for CDP version 134, returning the closest version; found: 133; Please update to a Selenium version that supports CDP version 134
]]></system-err>
  </testcase>
  <testcase name="runScenario[&quot;Registration functionality&quot;, &quot;Demo Shopping App testing&quot;](4)" classname="TestRunner.ShopRunner" time="3.839">
    <system-out><![CDATA[
@search
Scenario Outline: Search Functionality    &amp#27;[90m# src/test/resources/Features/DemoShop.feature:49&amp#27;[0m
  &amp#27;[32mGiven &amp#27;[0m&amp#27;[32muser launch Demo Shop Home Page&amp#27;[0m   &amp#27;[90m# StepDefinition.ShopSteps.user_launch_demo_shop_home_page()&amp#27;[0m
  &amp#27;[32mThen &amp#27;[0m&amp#27;[32mvalidate successful registration&amp#27;[0m      &amp#27;[90m# StepDefinition.ShopSteps.validate_successful_registration()&amp#27;[0m
]]></system-out>
    <system-err><![CDATA[Mar 26, 2025 12:00:50 PM org.openqa.selenium.devtools.CdpVersionFinder findNearestMatch
WARNING: Unable to find an exact match for CDP version 134, returning the closest version; found: 133; Please update to a Selenium version that supports CDP version 134
]]></system-err>
  </testcase>
  <testcase name="runScenario[&quot;Logout Functionality&quot;, &quot;Demo Shopping App testing&quot;](5)" classname="TestRunner.ShopRunner" time="7.916">
    <system-out><![CDATA[
@logout
Scenario: Logout Functionality          &amp#27;[90m# src/test/resources/Features/DemoShop.feature:35&amp#27;[0m
  &amp#27;[32mGiven &amp#27;[0m&amp#27;[32muser launch Demo Shop Home Page&amp#27;[0m &amp#27;[90m# StepDefinition.ShopSteps.user_launch_demo_shop_home_page()&amp#27;[0m
  &amp#27;[32mWhen &amp#27;[0m&amp#27;[32muser goes to login page&amp#27;[0m          &amp#27;[90m# StepDefinition.ShopSteps.user_goes_to_login_page()&amp#27;[0m
  &amp#27;[32mAnd &amp#27;[0m&amp#27;[32muser enters credentials&amp#27;[0m           &amp#27;[90m# StepDefinition.ShopSteps.user_enters_credentials()&amp#27;[0m
Logout successful
  &amp#27;[32mThen &amp#27;[0m&amp#27;[32muser clicks logout&amp#27;[0m               &amp#27;[90m# StepDefinition.ShopSteps.user_clicks_logout()&amp#27;[0m
]]></system-out>
    <system-err><![CDATA[Mar 26, 2025 12:00:42 PM org.openqa.selenium.devtools.CdpVersionFinder findNearestMatch
WARNING: Unable to find an exact match for CDP version 134, returning the closest version; found: 133; Please update to a Selenium version that supports CDP version 134
]]></system-err>
  </testcase>
  <testcase name="runScenario[&quot;Logout Functionality&quot;, &quot;Demo Shopping App testing&quot;](5)" classname="TestRunner.ShopRunner" time="10.747">
    <system-out><![CDATA[
@multipleProducts
Scenario: Adding Multiple Products Functionality &amp#27;[90m# src/test/resources/Features/DemoShop.feature:53&amp#27;[0m
  &amp#27;[32mGiven &amp#27;[0m&amp#27;[32muser launch Demo Shop Home Page&amp#27;[0m          &amp#27;[90m# StepDefinition.ShopSteps.user_launch_demo_shop_home_page()&amp#27;[0m
  &amp#27;[32mGiven &amp#27;[0m&amp#27;[32muser launch Demo Shop Home Page&amp#27;[0m &amp#27;[90m# StepDefinition.ShopSteps.user_launch_demo_shop_home_page()&amp#27;[0m
  &amp#27;[32mWhen &amp#27;[0m&amp#27;[32muser goes to login page&amp#27;[0m          &amp#27;[90m# StepDefinition.ShopSteps.user_goes_to_login_page()&amp#27;[0m
  &amp#27;[32mAnd &amp#27;[0m&amp#27;[32muser enters credentials&amp#27;[0m           &amp#27;[90m# StepDefinition.ShopSteps.user_enters_credentials()&amp#27;[0m
Logout successful
  &amp#27;[32mThen &amp#27;[0m&amp#27;[32muser clicks logout&amp#27;[0m               &amp#27;[90m# StepDefinition.ShopSteps.user_clicks_logout()&amp#27;[0m
]]></system-out>
    <system-err><![CDATA[Mar 26, 2025 12:00:56 PM org.openqa.selenium.devtools.CdpVersionFinder findNearestMatch
WARNING: Unable to find an exact match for CDP version 134, returning the closest version; found: 133; Please update to a Selenium version that supports CDP version 134
Mar 26, 2025 12:00:57 PM org.openqa.selenium.devtools.CdpVersionFinder findNearestMatch
WARNING: Unable to find an exact match for CDP version 134, returning the closest version; found: 133; Please update to a Selenium version that supports CDP version 134
]]></system-err>
  </testcase>
  <testcase name="runScenario[&quot;Search Functionality&quot;, &quot;Demo Shopping App testing&quot;](6)" classname="TestRunner.ShopRunner" time="1.625">
    <system-out><![CDATA[
@logout
Scenario: Logout Functionality          &amp#27;[90m# src/test/resources/Features/DemoShop.feature:35&amp#27;[0m
  &amp#27;[32mWhen &amp#27;[0m&amp#27;[32muser searches a product&amp#27;[0m&amp#27;[32m&amp#27;[1mlaptop&amp#27;[0m      &amp#27;[90m# StepDefinition.ShopSteps.user_searches_a_productlaptop(java.lang.String)&amp#27;[0m
  &amp#27;[32mAnd &amp#27;[0m&amp#27;[32muser clicks on product&amp#27;[0m              &amp#27;[90m# StepDefinition.ShopSteps.user_clicks_on_product()&amp#27;[0m
  &amp#27;[32mAnd &amp#27;[0m&amp#27;[32muser adds product to cart&amp#27;[0m           &amp#27;[90m# StepDefinition.ShopSteps.user_adds_product_to_cart()&amp#27;[0m
  &amp#27;[32mThen &amp#27;[0m&amp#27;[32muser validates if product is added&amp#27;[0m &amp#27;[90m# StepDefinition.ShopSteps.user_validates_if_product_is_added()&amp#27;[0m
]]></system-out>
  </testcase>
  <testcase name="runScenario[&quot;Search Functionality&quot;, &quot;Demo Shopping App testing&quot;](6)" classname="TestRunner.ShopRunner" time="37.93">
    <system-out><![CDATA[
@search
Scenario Outline: Search Functionality    &amp#27;[90m# src/test/resources/Features/DemoShop.feature:49&amp#27;[0m
  &amp#27;[32mGiven &amp#27;[0m&amp#27;[32muser launch Demo Shop Home Page&amp#27;[0m   &amp#27;[90m# StepDefinition.ShopSteps.user_launch_demo_shop_home_page()&amp#27;[0m
  &amp#27;[32mWhen &amp#27;[0m&amp#27;[32muser searches a product&amp#27;[0m&amp#27;[32m&amp#27;[1mlaptop&amp#27;[0m      &amp#27;[90m# StepDefinition.ShopSteps.user_searches_a_productlaptop(java.lang.String)&amp#27;[0m
  &amp#27;[32mAnd &amp#27;[0m&amp#27;[32muser clicks on product&amp#27;[0m              &amp#27;[90m# StepDefinition.ShopSteps.user_clicks_on_product()&amp#27;[0m
  &amp#27;[32mAnd &amp#27;[0m&amp#27;[32muser adds product to cart&amp#27;[0m           &amp#27;[90m# StepDefinition.ShopSteps.user_adds_product_to_cart()&amp#27;[0m
  &amp#27;[32mThen &amp#27;[0m&amp#27;[32muser validates if product is added&amp#27;[0m &amp#27;[90m# StepDefinition.ShopSteps.user_validates_if_product_is_added()&amp#27;[0m
]]></system-out>
    <system-err><![CDATA[Mar 26, 2025 12:01:08 PM org.openqa.selenium.devtools.CdpVersionFinder findNearestMatch
WARNING: Unable to find an exact match for CDP version 134, returning the closest version; found: 133; Please update to a Selenium version that supports CDP version 134
]]></system-err>
  </testcase>
  <testcase name="runScenario[&quot;Adding Multiple Products Functionality&quot;, &quot;Demo Shopping App testing&quot;](7)" classname="TestRunner.ShopRunner" time="13.493">
    <system-out><![CDATA[
@multipleProducts
Scenario: Adding Multiple Products Functionality &amp#27;[90m# src/test/resources/Features/DemoShop.feature:53&amp#27;[0m
  &amp#27;[32mGiven &amp#27;[0m&amp#27;[32muser launch Demo Shop Home Page&amp#27;[0m          &amp#27;[90m# StepDefinition.ShopSteps.user_launch_demo_shop_home_page()&amp#27;[0m
  &amp#27;[32mWhen &amp#27;[0m&amp#27;[32muser searches and adds multiple product&amp#27;[0m   &amp#27;[90m# StepDefinition.ShopSteps.user_searches_and_adds_multiple_products()&amp#27;[0m
34.0
  &amp#27;[32mThen &amp#27;[0m&amp#27;[32mvalidate the products and their total&amp#27;[0m     &amp#27;[90m# StepDefinition.ShopSteps.validate_the_products_and_their_total()&amp#27;[0m
]]></system-out>
    <system-err><![CDATA[Mar 26, 2025 12:01:46 PM org.openqa.selenium.devtools.CdpVersionFinder findNearestMatch
WARNING: Unable to find an exact match for CDP version 134, returning the closest version; found: 133; Please update to a Selenium version that supports CDP version 134
]]></system-err>
  </testcase>
  <testcase name="runScenario[&quot;Adding Multiple Products Functionality&quot;, &quot;Demo Shopping App testing&quot;](7)" classname="TestRunner.ShopRunner" time="38.202">
    <system-out><![CDATA[
@checkoutvalid
Scenario: Checkout valid Functionality                                             &amp#27;[90m# src/test/resources/Features/DemoShop.feature:66&amp#27;[0m
  &amp#27;[32mGiven &amp#27;[0m&amp#27;[32muser launch Demo Shop Home Page&amp#27;[0m                                            &amp#27;[90m# StepDefinition.ShopSteps.user_launch_demo_shop_home_page()&amp#27;[0m
  &amp#27;[32mWhen &amp#27;[0m&amp#27;[32muser searches and adds multiple product&amp#27;[0m   &amp#27;[90m# StepDefinition.ShopSteps.user_searches_and_adds_multiple_products()&amp#27;[0m
34.0
  &amp#27;[32mThen &amp#27;[0m&amp#27;[32mvalidate the products and their total&amp#27;[0m     &amp#27;[90m# StepDefinition.ShopSteps.validate_the_products_and_their_total()&amp#27;[0m
]]></system-out>
    <system-err><![CDATA[Mar 26, 2025 12:02:03 PM org.openqa.selenium.devtools.CdpVersionFinder findNearestMatch
WARNING: Unable to find an exact match for CDP version 134, returning the closest version; found: 133; Please update to a Selenium version that supports CDP version 134
]]></system-err>
  </testcase>
  <testcase name="runScenario[&quot;Adding a Coupon Functionality&quot;, &quot;Demo Shopping App testing&quot;](8)" classname="TestRunner.ShopRunner" time="5.296">
    <system-out><![CDATA[
@coupon
Scenario: Adding a Coupon Functionality &amp#27;[90m# src/test/resources/Features/DemoShop.feature:59&amp#27;[0m
  &amp#27;[32mGiven &amp#27;[0m&amp#27;[32muser launch Demo Shop Home Page&amp#27;[0m &amp#27;[90m# StepDefinition.ShopSteps.user_launch_demo_shop_home_page()&amp#27;[0m
  &amp#27;[32mWhen &amp#27;[0m&amp#27;[32muser adds any product to cart&amp#27;[0m    &amp#27;[90m# StepDefinition.ShopSteps.user_adds_any_product_to_cart()&amp#27;[0m
  &amp#27;[32mAnd &amp#27;[0m&amp#27;[32muser adds any coupon"&amp#27;[0m&amp#27;[32m&amp#27;[1mxyz123&amp#27;[0m&amp#27;[32m"&amp#27;[0m      &amp#27;[90m# StepDefinition.ShopSteps.user_adds_any_coupon_xyz123(java.lang.String)&amp#27;[0m
  &amp#27;[32mThen &amp#27;[0m&amp#27;[32mvalidate the message&amp#27;[0m             &amp#27;[90m# StepDefinition.ShopSteps.validate_the_message()&amp#27;[0m
]]></system-out>
    <system-err><![CDATA[Mar 26, 2025 12:01:58 PM org.openqa.selenium.devtools.CdpVersionFinder findNearestMatch
WARNING: Unable to find an exact match for CDP version 134, returning the closest version; found: 133; Please update to a Selenium version that supports CDP version 134
]]></system-err>
  </testcase>
  <testcase name="runScenario[&quot;Adding a Coupon Functionality&quot;, &quot;Demo Shopping App testing&quot;](8)" classname="TestRunner.ShopRunner" time="3.813">
    <system-out><![CDATA[
@checkoutinvalid
Scenario: Checkout invalid Functionality                                            &amp#27;[90m# src/test/resources/Features/DemoShop.feature:78&amp#27;[0m
  &amp#27;[32mWhen &amp#27;[0m&amp#27;[32muser adds any product to cart&amp#27;[0m    &amp#27;[90m# StepDefinition.ShopSteps.user_adds_any_product_to_cart()&amp#27;[0m
  &amp#27;[32mAnd &amp#27;[0m&amp#27;[32muser adds any coupon"&amp#27;[0m&amp#27;[32m&amp#27;[1mxyz123&amp#27;[0m&amp#27;[32m"&amp#27;[0m      &amp#27;[90m# StepDefinition.ShopSteps.user_adds_any_coupon_xyz123(java.lang.String)&amp#27;[0m
  &amp#27;[32mGiven &amp#27;[0m&amp#27;[32muser launch Demo Shop Home Page&amp#27;[0m                                             &amp#27;[90m# StepDefinition.ShopSteps.user_launch_demo_shop_home_page()&amp#27;[0m
  &amp#27;[32mThen &amp#27;[0m&amp#27;[32mvalidate the message&amp#27;[0m             &amp#27;[90m# StepDefinition.ShopSteps.validate_the_message()&amp#27;[0m
]]></system-out>
    <system-err><![CDATA[Mar 26, 2025 12:02:47 PM org.openqa.selenium.devtools.CdpVersionFinder findNearestMatch
WARNING: Unable to find an exact match for CDP version 134, returning the closest version; found: 133; Please update to a Selenium version that supports CDP version 134
]]></system-err>
  </testcase>
  <testcase name="runScenario[&quot;Checkout valid Functionality&quot;, &quot;Demo Shopping App testing&quot;](9)" classname="TestRunner.ShopRunner" time="5.406">
    <system-out><![CDATA[
@coupon
Scenario: Adding a Coupon Functionality &amp#27;[90m# src/test/resources/Features/DemoShop.feature:59&amp#27;[0m
  &amp#27;[32mWhen &amp#27;[0m&amp#27;[32muser logs in, searches, adds a product to cart, and clicks checkout&amp#27;[0m         &amp#27;[90m# StepDefinition.ShopSteps.user_logs_in_searches_adds_a_product_to_cart_and_clicks_checkout()&amp#27;[0m
  &amp#27;[32mAnd &amp#27;[0m&amp#27;[32muser fills all the details like country,city,address,zip,phone and continues&amp#27;[0m &amp#27;[90m# StepDefinition.ShopSteps.user_fills_all_the_details_like_country_city_address_zip_phone_and_continues(io.cucumber.datatable.DataTable)&amp#27;[0m
    | India      |
    | xyz        |
    | abc        |
    | 123456     |
    | 9988776655 |
  &amp#27;[32mGiven &amp#27;[0m&amp#27;[32muser launch Demo Shop Home Page&amp#27;[0m &amp#27;[90m# StepDefinition.ShopSteps.user_launch_demo_shop_home_page()&amp#27;[0m
  &amp#27;[32mThen &amp#27;[0m&amp#27;[32mvalidate the process&amp#27;[0m                                                        &amp#27;[90m# StepDefinition.ShopSteps.validate_the_process()&amp#27;[0m
]]></system-out>
    <system-err><![CDATA[Mar 26, 2025 12:02:43 PM org.openqa.selenium.devtools.CdpVersionFinder findNearestMatch
WARNING: Unable to find an exact match for CDP version 134, returning the closest version; found: 133; Please update to a Selenium version that supports CDP version 134
]]></system-err>
  </testcase>
  <testcase name="runScenario[&quot;Checkout valid Functionality&quot;, &quot;Demo Shopping App testing&quot;](9)" classname="TestRunner.ShopRunner" time="42.335">
    <system-out><![CDATA[  &amp#27;[32mAnd &amp#27;[0m&amp#27;[32muser fills all the details like country,city,address,zip,phone and continues&amp#27;[0m &amp#27;[90m# StepDefinition.ShopSteps.user_fills_all_the_details_like_country_city_address_zip_phone_and_continues(io.cucumber.datatable.DataTable)&amp#27;[0m
    | India      |
    | xyz        |
    | abc        |
    | 123456     |
    | 9988776655 |
  &amp#27;[32mThen &amp#27;[0m&amp#27;[32mvalidate the process&amp#27;[0m                                                        &amp#27;[90m# StepDefinition.ShopSteps.validate_the_process()&amp#27;[0m
]]></system-out>
  </testcase>
  <testcase name="runScenario[&quot;Checkout invalid Functionality&quot;, &quot;Demo Shopping App testing&quot;](10)" classname="TestRunner.ShopRunner" time="37.876">
    <system-out><![CDATA[
@checkoutvalid
Scenario: Checkout valid Functionality                                             &amp#27;[90m# src/test/resources/Features/DemoShop.feature:66&amp#27;[0m
  &amp#27;[32mGiven &amp#27;[0m&amp#27;[32muser launch Demo Shop Home Page&amp#27;[0m                                            &amp#27;[90m# StepDefinition.ShopSteps.user_launch_demo_shop_home_page()&amp#27;[0m
  &amp#27;[32mWhen &amp#27;[0m&amp#27;[32muser logs in, searches, adds a product to cart, and clicks checkout&amp#27;[0m         &amp#27;[90m# StepDefinition.ShopSteps.user_logs_in_searches_adds_a_product_to_cart_and_clicks_checkout()&amp#27;[0m
  &amp#27;[32mWhen &amp#27;[0m&amp#27;[32muser performs logs in, searches, adds a product to cart, and clicks checkout&amp#27;[0m &amp#27;[90m# StepDefinition.ShopSteps.user_performs_logs_in_searches_adds_a_product_to_cart_and_clicks_checkout()&amp#27;[0m
  &amp#27;[32mAnd &amp#27;[0m&amp#27;[32muser fills all the details and continues&amp#27;[0m                                      &amp#27;[90m# StepDefinition.ShopSteps.user_fills_all_the_details_and_continues(io.cucumber.datatable.DataTable)&amp#27;[0m
    | India  |
    | xyz    |
    | abc    |
    | 123456 |
  &amp#27;[32mThen &amp#27;[0m&amp#27;[32mvalidate the entire process&amp#27;[0m                                                  &amp#27;[90m# StepDefinition.ShopSteps.validate_the_entire_process()&amp#27;[0m
]]></system-out>
    <system-err><![CDATA[Mar 26, 2025 12:02:52 PM org.openqa.selenium.devtools.CdpVersionFinder findNearestMatch
WARNING: Unable to find an exact match for CDP version 134, returning the closest version; found: 133; Please update to a Selenium version that supports CDP version 134
]]></system-err>
  </testcase>
  <testcase name="runScenario[&quot;Checkout invalid Functionality&quot;, &quot;Demo Shopping App testing&quot;](10)" classname="TestRunner.ShopRunner" time="43.34">
    <system-out><![CDATA[
@checkoutinvalid
Scenario: Checkout invalid Functionality                                            &amp#27;[90m# src/test/resources/Features/DemoShop.feature:78&amp#27;[0m
  &amp#27;[32mGiven &amp#27;[0m&amp#27;[32muser launch Demo Shop Home Page&amp#27;[0m                                             &amp#27;[90m# StepDefinition.ShopSteps.user_launch_demo_shop_home_page()&amp#27;[0m
  &amp#27;[32mWhen &amp#27;[0m&amp#27;[32muser performs logs in, searches, adds a product to cart, and clicks checkout&amp#27;[0m &amp#27;[90m# StepDefinition.ShopSteps.user_performs_logs_in_searches_adds_a_product_to_cart_and_clicks_checkout()&amp#27;[0m
  &amp#27;[32mAnd &amp#27;[0m&amp#27;[32muser fills all the details and continues&amp#27;[0m                                      &amp#27;[90m# StepDefinition.ShopSteps.user_fills_all_the_details_and_continues(io.cucumber.datatable.DataTable)&amp#27;[0m
    | India  |
    | xyz    |
    | abc    |
    | 123456 |
  &amp#27;[32mThen &amp#27;[0m&amp#27;[32mvalidate the entire process&amp#27;[0m                                                  &amp#27;[90m# StepDefinition.ShopSteps.validate_the_entire_process()&amp#27;[0m
]]></system-out>
    <system-err><![CDATA[Mar 26, 2025 12:03:35 PM org.openqa.selenium.devtools.CdpVersionFinder findNearestMatch
WARNING: Unable to find an exact match for CDP version 134, returning the closest version; found: 133; Please update to a Selenium version that supports CDP version 134
]]></system-err>
  </testcase>
</testsuite>