<?xml version="1.0" encoding="UTF-8"?>
<testng-results ignored="0" total="20" passed="20" failed="0" skipped="0">
  <reporter-output>
  </reporter-output>
  <suite started-at="2025-03-26T11:58:58 IST" name="Suite" finished-at="2025-03-26T12:04:15 IST" duration-ms="317570">
    <groups>
      <group name="cucumber">
        <method signature="AbstractTestNGCucumberTests.runScenario(io.cucumber.testng.PickleWrapper,io.cucumber.testng.FeatureWrapper)[pri:0, instance:TestRunner.ShopRunner@3214ee6]" name="runScenario" class="io.cucumber.testng.AbstractTestNGCucumberTests"/>
        <method signature="AbstractTestNGCucumberTests.runScenario(io.cucumber.testng.PickleWrapper,io.cucumber.testng.FeatureWrapper)[pri:0, instance:TestRunner.ShopRunner@13df2a8c]" name="runScenario" class="io.cucumber.testng.AbstractTestNGCucumberTests"/>
      </group> <!-- cucumber -->
    </groups>
    <test started-at="2025-03-26T11:58:58 IST" name="ChromeTest" finished-at="2025-03-26T12:03:27 IST" duration-ms="269803">
      <class name="TestRunner.ShopRunner">
        <test-method is-config="true" signature="setUpClass(org.testng.ITestContext)[pri:0, instance:TestRunner.ShopRunner@3214ee6]" started-at="2025-03-26T11:58:58 IST" name="setUpClass" finished-at="2025-03-26T11:58:59 IST" duration-ms="878" status="PASS">
          <params>
            <param index="0">
              <value>
                <![CDATA[org.testng.TestRunner@51c693d]]>
              </value>
            </param>
          </params>
          <reporter-output>
          </reporter-output>
        </test-method> <!-- setUpClass -->
        <test-method is-config="true" signature="GiveBrowser(java.lang.String)[pri:0, instance:TestRunner.ShopRunner@3214ee6]" started-at="2025-03-26T11:58:59 IST" name="GiveBrowser" finished-at="2025-03-26T11:58:59 IST" duration-ms="3" status="PASS">
          <params>
            <param index="0">
              <value>
                <![CDATA[chrome]]>
              </value>
            </param>
          </params>
          <reporter-output>
          </reporter-output>
        </test-method> <!-- GiveBrowser -->
        <test-method signature="runScenario(io.cucumber.testng.PickleWrapper,io.cucumber.testng.FeatureWrapper)[pri:0, instance:TestRunner.ShopRunner@3214ee6]" started-at="2025-03-26T11:58:59 IST" name="runScenario" description="Runs Cucumber Scenarios" data-provider="scenarios" finished-at="2025-03-26T11:59:08 IST" duration-ms="9621" status="PASS">
          <params>
            <param index="0">
              <value>
                <![CDATA["Login Functionality"]]>
              </value>
            </param>
            <param index="1">
              <value>
                <![CDATA["Demo Shopping App testing"]]>
              </value>
            </param>
          </params>
          <reporter-output>
          </reporter-output>
        </test-method> <!-- runScenario -->
        <test-method signature="runScenario(io.cucumber.testng.PickleWrapper,io.cucumber.testng.FeatureWrapper)[pri:0, instance:TestRunner.ShopRunner@3214ee6]" started-at="2025-03-26T11:59:08 IST" name="runScenario" description="Runs Cucumber Scenarios" data-provider="scenarios" finished-at="2025-03-26T11:59:14 IST" duration-ms="5991" status="PASS">
          <params>
            <param index="0">
              <value>
                <![CDATA["Login Functionality"]]>
              </value>
            </param>
            <param index="1">
              <value>
                <![CDATA["Demo Shopping App testing"]]>
              </value>
            </param>
          </params>
          <reporter-output>
          </reporter-output>
        </test-method> <!-- runScenario -->
        <test-method signature="runScenario(io.cucumber.testng.PickleWrapper,io.cucumber.testng.FeatureWrapper)[pri:0, instance:TestRunner.ShopRunner@3214ee6]" started-at="2025-03-26T11:59:14 IST" name="runScenario" description="Runs Cucumber Scenarios" data-provider="scenarios" finished-at="2025-03-26T12:00:11 IST" duration-ms="56485" status="PASS">
          <params>
            <param index="0">
              <value>
                <![CDATA["Registration functionality"]]>
              </value>
            </param>
            <param index="1">
              <value>
                <![CDATA["Demo Shopping App testing"]]>
              </value>
            </param>
          </params>
          <reporter-output>
          </reporter-output>
        </test-method> <!-- runScenario -->
        <test-method signature="runScenario(io.cucumber.testng.PickleWrapper,io.cucumber.testng.FeatureWrapper)[pri:0, instance:TestRunner.ShopRunner@3214ee6]" started-at="2025-03-26T12:00:11 IST" name="runScenario" description="Runs Cucumber Scenarios" data-provider="scenarios" finished-at="2025-03-26T12:00:41 IST" duration-ms="30402" status="PASS">
          <params>
            <param index="0">
              <value>
                <![CDATA["Registration functionality"]]>
              </value>
            </param>
            <param index="1">
              <value>
                <![CDATA["Demo Shopping App testing"]]>
              </value>
            </param>
          </params>
          <reporter-output>
          </reporter-output>
        </test-method> <!-- runScenario -->
        <test-method signature="runScenario(io.cucumber.testng.PickleWrapper,io.cucumber.testng.FeatureWrapper)[pri:0, instance:TestRunner.ShopRunner@3214ee6]" started-at="2025-03-26T12:00:41 IST" name="runScenario" description="Runs Cucumber Scenarios" data-provider="scenarios" finished-at="2025-03-26T12:00:49 IST" duration-ms="7913" status="PASS">
          <params>
            <param index="0">
              <value>
                <![CDATA["Logout Functionality"]]>
              </value>
            </param>
            <param index="1">
              <value>
                <![CDATA["Demo Shopping App testing"]]>
              </value>
            </param>
          </params>
          <reporter-output>
          </reporter-output>
        </test-method> <!-- runScenario -->
        <test-method signature="runScenario(io.cucumber.testng.PickleWrapper,io.cucumber.testng.FeatureWrapper)[pri:0, instance:TestRunner.ShopRunner@3214ee6]" started-at="2025-03-26T12:00:49 IST" name="runScenario" description="Runs Cucumber Scenarios" data-provider="scenarios" finished-at="2025-03-26T12:00:55 IST" duration-ms="5468" status="PASS">
          <params>
            <param index="0">
              <value>
                <![CDATA["Search Functionality"]]>
              </value>
            </param>
            <param index="1">
              <value>
                <![CDATA["Demo Shopping App testing"]]>
              </value>
            </param>
          </params>
          <reporter-output>
          </reporter-output>
        </test-method> <!-- runScenario -->
        <test-method signature="runScenario(io.cucumber.testng.PickleWrapper,io.cucumber.testng.FeatureWrapper)[pri:0, instance:TestRunner.ShopRunner@3214ee6]" started-at="2025-03-26T12:00:55 IST" name="runScenario" description="Runs Cucumber Scenarios" data-provider="scenarios" finished-at="2025-03-26T12:01:57 IST" duration-ms="62168" status="PASS">
          <params>
            <param index="0">
              <value>
                <![CDATA["Adding Multiple Products Functionality"]]>
              </value>
            </param>
            <param index="1">
              <value>
                <![CDATA["Demo Shopping App testing"]]>
              </value>
            </param>
          </params>
          <reporter-output>
          </reporter-output>
        </test-method> <!-- runScenario -->
        <test-method signature="runScenario(io.cucumber.testng.PickleWrapper,io.cucumber.testng.FeatureWrapper)[pri:0, instance:TestRunner.ShopRunner@3214ee6]" started-at="2025-03-26T12:01:57 IST" name="runScenario" description="Runs Cucumber Scenarios" data-provider="scenarios" finished-at="2025-03-26T12:02:02 IST" duration-ms="5293" status="PASS">
          <params>
            <param index="0">
              <value>
                <![CDATA["Adding a Coupon Functionality"]]>
              </value>
            </param>
            <param index="1">
              <value>
                <![CDATA["Demo Shopping App testing"]]>
              </value>
            </param>
          </params>
          <reporter-output>
          </reporter-output>
        </test-method> <!-- runScenario -->
        <test-method signature="runScenario(io.cucumber.testng.PickleWrapper,io.cucumber.testng.FeatureWrapper)[pri:0, instance:TestRunner.ShopRunner@3214ee6]" started-at="2025-03-26T12:02:02 IST" name="runScenario" description="Runs Cucumber Scenarios" data-provider="scenarios" finished-at="2025-03-26T12:02:46 IST" duration-ms="43605" status="PASS">
          <params>
            <param index="0">
              <value>
                <![CDATA["Checkout valid Functionality"]]>
              </value>
            </param>
            <param index="1">
              <value>
                <![CDATA["Demo Shopping App testing"]]>
              </value>
            </param>
          </params>
          <reporter-output>
          </reporter-output>
        </test-method> <!-- runScenario -->
        <test-method signature="runScenario(io.cucumber.testng.PickleWrapper,io.cucumber.testng.FeatureWrapper)[pri:0, instance:TestRunner.ShopRunner@3214ee6]" started-at="2025-03-26T12:02:46 IST" name="runScenario" description="Runs Cucumber Scenarios" data-provider="scenarios" finished-at="2025-03-26T12:03:27 IST" duration-ms="41693" status="PASS">
          <params>
            <param index="0">
              <value>
                <![CDATA["Checkout invalid Functionality"]]>
              </value>
            </param>
            <param index="1">
              <value>
                <![CDATA["Demo Shopping App testing"]]>
              </value>
            </param>
          </params>
          <reporter-output>
          </reporter-output>
        </test-method> <!-- runScenario -->
        <test-method is-config="true" signature="tearDownClass()[pri:0, instance:TestRunner.ShopRunner@3214ee6]" started-at="2025-03-26T12:03:27 IST" name="tearDownClass" finished-at="2025-03-26T12:03:27 IST" duration-ms="20" status="PASS">
          <reporter-output>
          </reporter-output>
        </test-method> <!-- tearDownClass -->
      </class> <!-- TestRunner.ShopRunner -->
    </test> <!-- ChromeTest -->
    <test started-at="2025-03-26T11:58:58 IST" name="EdgeTest" finished-at="2025-03-26T12:04:15 IST" duration-ms="317570">
      <class name="TestRunner.ShopRunner">
        <test-method is-config="true" signature="setUpClass(org.testng.ITestContext)[pri:0, instance:TestRunner.ShopRunner@13df2a8c]" started-at="2025-03-26T11:58:58 IST" name="setUpClass" finished-at="2025-03-26T11:58:59 IST" duration-ms="878" status="PASS">
          <params>
            <param index="0">
              <value>
                <![CDATA[org.testng.TestRunner@6a57ae10]]>
              </value>
            </param>
          </params>
          <reporter-output>
          </reporter-output>
        </test-method> <!-- setUpClass -->
        <test-method is-config="true" signature="GiveBrowser(java.lang.String)[pri:0, instance:TestRunner.ShopRunner@13df2a8c]" started-at="2025-03-26T11:58:59 IST" name="GiveBrowser" finished-at="2025-03-26T11:58:59 IST" duration-ms="3" status="PASS">
          <params>
            <param index="0">
              <value>
                <![CDATA[edge]]>
              </value>
            </param>
          </params>
          <reporter-output>
          </reporter-output>
        </test-method> <!-- GiveBrowser -->
        <test-method signature="runScenario(io.cucumber.testng.PickleWrapper,io.cucumber.testng.FeatureWrapper)[pri:0, instance:TestRunner.ShopRunner@13df2a8c]" started-at="2025-03-26T11:58:59 IST" name="runScenario" description="Runs Cucumber Scenarios" data-provider="scenarios" finished-at="2025-03-26T11:59:09 IST" duration-ms="10845" status="PASS">
          <params>
            <param index="0">
              <value>
                <![CDATA["Login Functionality"]]>
              </value>
            </param>
            <param index="1">
              <value>
                <![CDATA["Demo Shopping App testing"]]>
              </value>
            </param>
          </params>
          <reporter-output>
          </reporter-output>
        </test-method> <!-- runScenario -->
        <test-method signature="runScenario(io.cucumber.testng.PickleWrapper,io.cucumber.testng.FeatureWrapper)[pri:0, instance:TestRunner.ShopRunner@13df2a8c]" started-at="2025-03-26T11:59:09 IST" name="runScenario" description="Runs Cucumber Scenarios" data-provider="scenarios" finished-at="2025-03-26T11:59:20 IST" duration-ms="10083" status="PASS">
          <params>
            <param index="0">
              <value>
                <![CDATA["Login Functionality"]]>
              </value>
            </param>
            <param index="1">
              <value>
                <![CDATA["Demo Shopping App testing"]]>
              </value>
            </param>
          </params>
          <reporter-output>
          </reporter-output>
        </test-method> <!-- runScenario -->
        <test-method signature="runScenario(io.cucumber.testng.PickleWrapper,io.cucumber.testng.FeatureWrapper)[pri:0, instance:TestRunner.ShopRunner@13df2a8c]" started-at="2025-03-26T11:59:20 IST" name="runScenario" description="Runs Cucumber Scenarios" data-provider="scenarios" finished-at="2025-03-26T12:00:18 IST" duration-ms="58763" status="PASS">
          <params>
            <param index="0">
              <value>
                <![CDATA["Registration functionality"]]>
              </value>
            </param>
            <param index="1">
              <value>
                <![CDATA["Demo Shopping App testing"]]>
              </value>
            </param>
          </params>
          <reporter-output>
          </reporter-output>
        </test-method> <!-- runScenario -->
        <test-method signature="runScenario(io.cucumber.testng.PickleWrapper,io.cucumber.testng.FeatureWrapper)[pri:0, instance:TestRunner.ShopRunner@13df2a8c]" started-at="2025-03-26T12:00:18 IST" name="runScenario" description="Runs Cucumber Scenarios" data-provider="scenarios" finished-at="2025-03-26T12:00:53 IST" duration-ms="34705" status="PASS">
          <params>
            <param index="0">
              <value>
                <![CDATA["Registration functionality"]]>
              </value>
            </param>
            <param index="1">
              <value>
                <![CDATA["Demo Shopping App testing"]]>
              </value>
            </param>
          </params>
          <reporter-output>
          </reporter-output>
        </test-method> <!-- runScenario -->
        <test-method signature="runScenario(io.cucumber.testng.PickleWrapper,io.cucumber.testng.FeatureWrapper)[pri:0, instance:TestRunner.ShopRunner@13df2a8c]" started-at="2025-03-26T12:00:53 IST" name="runScenario" description="Runs Cucumber Scenarios" data-provider="scenarios" finished-at="2025-03-26T12:01:05 IST" duration-ms="12372" status="PASS">
          <params>
            <param index="0">
              <value>
                <![CDATA["Logout Functionality"]]>
              </value>
            </param>
            <param index="1">
              <value>
                <![CDATA["Demo Shopping App testing"]]>
              </value>
            </param>
          </params>
          <reporter-output>
          </reporter-output>
        </test-method> <!-- runScenario -->
        <test-method signature="runScenario(io.cucumber.testng.PickleWrapper,io.cucumber.testng.FeatureWrapper)[pri:0, instance:TestRunner.ShopRunner@13df2a8c]" started-at="2025-03-26T12:01:05 IST" name="runScenario" description="Runs Cucumber Scenarios" data-provider="scenarios" finished-at="2025-03-26T12:01:43 IST" duration-ms="37927" status="PASS">
          <params>
            <param index="0">
              <value>
                <![CDATA["Search Functionality"]]>
              </value>
            </param>
            <param index="1">
              <value>
                <![CDATA["Demo Shopping App testing"]]>
              </value>
            </param>
          </params>
          <reporter-output>
          </reporter-output>
        </test-method> <!-- runScenario -->
        <test-method signature="runScenario(io.cucumber.testng.PickleWrapper,io.cucumber.testng.FeatureWrapper)[pri:0, instance:TestRunner.ShopRunner@13df2a8c]" started-at="2025-03-26T12:01:43 IST" name="runScenario" description="Runs Cucumber Scenarios" data-provider="scenarios" finished-at="2025-03-26T12:02:40 IST" duration-ms="56977" status="PASS">
          <params>
            <param index="0">
              <value>
                <![CDATA["Adding Multiple Products Functionality"]]>
              </value>
            </param>
            <param index="1">
              <value>
                <![CDATA["Demo Shopping App testing"]]>
              </value>
            </param>
          </params>
          <reporter-output>
          </reporter-output>
        </test-method> <!-- runScenario -->
        <test-method signature="runScenario(io.cucumber.testng.PickleWrapper,io.cucumber.testng.FeatureWrapper)[pri:0, instance:TestRunner.ShopRunner@13df2a8c]" started-at="2025-03-26T12:02:40 IST" name="runScenario" description="Runs Cucumber Scenarios" data-provider="scenarios" finished-at="2025-03-26T12:02:50 IST" duration-ms="9221" status="PASS">
          <params>
            <param index="0">
              <value>
                <![CDATA["Adding a Coupon Functionality"]]>
              </value>
            </param>
            <param index="1">
              <value>
                <![CDATA["Demo Shopping App testing"]]>
              </value>
            </param>
          </params>
          <reporter-output>
          </reporter-output>
        </test-method> <!-- runScenario -->
        <test-method signature="runScenario(io.cucumber.testng.PickleWrapper,io.cucumber.testng.FeatureWrapper)[pri:0, instance:TestRunner.ShopRunner@13df2a8c]" started-at="2025-03-26T12:02:50 IST" name="runScenario" description="Runs Cucumber Scenarios" data-provider="scenarios" finished-at="2025-03-26T12:03:32 IST" duration-ms="42337" status="PASS">
          <params>
            <param index="0">
              <value>
                <![CDATA["Checkout valid Functionality"]]>
              </value>
            </param>
            <param index="1">
              <value>
                <![CDATA["Demo Shopping App testing"]]>
              </value>
            </param>
          </params>
          <reporter-output>
          </reporter-output>
        </test-method> <!-- runScenario -->
        <test-method signature="runScenario(io.cucumber.testng.PickleWrapper,io.cucumber.testng.FeatureWrapper)[pri:0, instance:TestRunner.ShopRunner@13df2a8c]" started-at="2025-03-26T12:03:32 IST" name="runScenario" description="Runs Cucumber Scenarios" data-provider="scenarios" finished-at="2025-03-26T12:04:15 IST" duration-ms="43340" status="PASS">
          <params>
            <param index="0">
              <value>
                <![CDATA["Checkout invalid Functionality"]]>
              </value>
            </param>
            <param index="1">
              <value>
                <![CDATA["Demo Shopping App testing"]]>
              </value>
            </param>
          </params>
          <reporter-output>
          </reporter-output>
        </test-method> <!-- runScenario -->
        <test-method is-config="true" signature="tearDownClass()[pri:0, instance:TestRunner.ShopRunner@13df2a8c]" started-at="2025-03-26T12:04:15 IST" name="tearDownClass" finished-at="2025-03-26T12:04:15 IST" duration-ms="0" status="PASS">
          <reporter-output>
          </reporter-output>
        </test-method> <!-- tearDownClass -->
      </class> <!-- TestRunner.ShopRunner -->
    </test> <!-- EdgeTest -->
  </suite> <!-- Suite -->
</testng-results>
